d:\documents\csci 120\lyonstaeyler_project1\wxwidgetstemplate\debug\vc120.pdb
d:\documents\csci 120\lyonstaeyler_project1\wxwidgetstemplate\debug\vc120.idb
d:\documents\csci 120\projects\lyonstaeyler_project2\wxwidgetstemplate\debug\vc120.pdb
d:\documents\csci 120\projects\lyonstaeyler_project2\wxwidgetstemplate\debug\vc120.idb
d:\documents\csci 120\projects\lyonstaeyler_project2\wxwidgetstemplate\debug\drawingframe.obj
d:\documents\csci 120\projects\lyonstaeyler_project2\wxwidgetstemplate\debug\drawingwindow.obj
d:\documents\csci 120\projects\lyonstaeyler_project2\wxwidgetstemplate\debug\ellipse.obj
d:\documents\csci 120\projects\lyonstaeyler_project2\wxwidgetstemplate\debug\line.obj
d:\documents\csci 120\projects\lyonstaeyler_project2\wxwidgetstemplate\debug\main.obj
d:\documents\csci 120\projects\lyonstaeyler_project2\wxwidgetstemplate\debug\rectangle.obj
d:\documents\csci 120\projects\lyonstaeyler_project2\wxwidgetstemplate\debug\fractal.obj
d:\documents\csci 120\projects\lyonstaeyler_project2\wxwidgetstemplate\debug\triangle.obj
d:\documents\csci 120\lyonstaeyler_project1\debug\wxwidgetstemplate.ilk
d:\documents\csci 120\lyonstaeyler_project1\debug\wxwidgetstemplate.exe
d:\documents\csci 120\lyonstaeyler_project1\debug\wxwidgetstemplate.pdb
d:\documents\csci 120\projects\lyonstaeyler_project2\debug\wxwidgetstemplate.ilk
d:\documents\csci 120\projects\lyonstaeyler_project2\debug\wxwidgetstemplate.exe
d:\documents\csci 120\projects\lyonstaeyler_project2\debug\wxwidgetstemplate.pdb
f:\documents\crafton\csci 120 c++ 2\projects\lyonstaeyler_project2\wxwidgetstemplate\debug\drawingframe.obj
f:\documents\crafton\csci 120 c++ 2\projects\lyonstaeyler_project2\wxwidgetstemplate\debug\drawingwindow.obj
f:\documents\crafton\csci 120 c++ 2\projects\lyonstaeyler_project2\wxwidgetstemplate\debug\ellipse.obj
f:\documents\crafton\csci 120 c++ 2\projects\lyonstaeyler_project2\wxwidgetstemplate\debug\fractal.obj
f:\documents\crafton\csci 120 c++ 2\projects\lyonstaeyler_project2\wxwidgetstemplate\debug\line.obj
f:\documents\crafton\csci 120 c++ 2\projects\lyonstaeyler_project2\wxwidgetstemplate\debug\main.obj
f:\documents\crafton\csci 120 c++ 2\projects\lyonstaeyler_project2\wxwidgetstemplate\debug\rectangle.obj
f:\documents\crafton\csci 120 c++ 2\projects\lyonstaeyler_project2\wxwidgetstemplate\debug\triangle.obj
f:\documents\crafton\csci 120 c++ 2\projects\lyonstaeyler_project2\wxwidgetstemplate\debug\vc120.idb
f:\documents\crafton\csci 120 c++ 2\projects\lyonstaeyler_project2\wxwidgetstemplate\debug\vc120.pdb
f:\documents\crafton\csci 120 c++ 2\projects\lyonstaeyler_project2\debug\wxwidgetstemplate.pdb
f:\documents\crafton\csci 120 c++ 2\projects\lyonstaeyler_project2\debug\wxwidgetstemplate.exe
f:\documents\crafton\csci 120 c++ 2\projects\lyonstaeyler_project2\debug\wxwidgetstemplate.ilk
f:\documents\crafton\csci 120 c++ 2\projects\lyonstaeyler_project2\wxwidgetstemplate\debug\wxwidget.af9d9106.tlog\cl.command.1.tlog
f:\documents\crafton\csci 120 c++ 2\projects\lyonstaeyler_project2\wxwidgetstemplate\debug\wxwidget.af9d9106.tlog\cl.read.1.tlog
f:\documents\crafton\csci 120 c++ 2\projects\lyonstaeyler_project2\wxwidgetstemplate\debug\wxwidget.af9d9106.tlog\cl.write.1.tlog
f:\documents\crafton\csci 120 c++ 2\projects\lyonstaeyler_project2\wxwidgetstemplate\debug\wxwidget.af9d9106.tlog\link.command.1.tlog
f:\documents\crafton\csci 120 c++ 2\projects\lyonstaeyler_project2\wxwidgetstemplate\debug\wxwidget.af9d9106.tlog\link.read.1.tlog
f:\documents\crafton\csci 120 c++ 2\projects\lyonstaeyler_project2\wxwidgetstemplate\debug\wxwidget.af9d9106.tlog\link.write.1.tlog
